2.5582 	WARNING 	We strongly recommend you activate the PTB sound engine in PsychoPy prefs as the preferred audio engine. Its timing is vastly superior. Your prefs are currently set to use ['sounddevice', 'PTB', 'pyo', 'pygame'] (in that order).
28.3955 	WARNING 	User requested fullscreen with size [1024  768], but screen is actually [1536, 1024]. Using actual size
30.1111 	EXP 	Created window1 = Window(allowGUI=True, allowStencil=False, autoLog=True, backendConf=UNKNOWN, bitsMode=UNKNOWN, blendMode='avg', bpc=(8, 8, 8), color=array([0, 0, 0]), colorSpace='rgb', depthBits=8, fullscr=<method-wrapper '__getattribute__' of attributeSetter object at 0x00000200DB32CD90>, gamma=None, gammaErrorPolicy='raise', lms=UNKNOWN, monitor=<psychopy.monitors.calibTools.Monitor object at 0x00000200DE476910>, multiSample=False, name='window1', numSamples=2, pos=(0, 0), screen=0, size=array([1536, 1024]), stencilBits=0, stereo=False, units='height', useFBO=True, useRetina=False, viewOri=0.0, viewPos=None, viewScale=None, waitBlanking=True, winType='pyglet')
30.1116 	EXP 	window1: mouseVisible = True
30.1120 	EXP 	window1: mouseVisible = False
30.1120 	EXP 	window1: Attempting to measure frame rate of screen (0) ...
30.1120 	EXP 	window1: recordFrameIntervals = False
30.2767 	EXP 	window1: recordFrameIntervals = True
30.4606 	EXP 	Screen (0) actual frame rate measured at 59.93Hz
30.4607 	EXP 	window1: recordFrameIntervals = False
32.8503 	EXP 	Created fixation = ShapeStim(__class__=<class 'psychopy.visual.shape.ShapeStim'>, anchor=('center', 'center'), autoDraw=False, autoLog=True, closeShape=True, color=method-wrapper(...), colorSpace='rgb', contrast=None, depth=-1.0, fillColor=array([1, 1, 1]), fillColorSpace='rgb', fillRGB=array([1, 1, 1]), interpolate=True, lineColor=array([1., 1., 1.]), lineColorSpace='rgb', lineRGB=array([1, 1, 1]), lineWidth=1.0, name='fixation', opacity=1.0, ori=0.0, pos=array([0., 0.]), size=array([10., 10.]), units='pix', vertices=ndarray(...), win=Window(...), windingRule=None)
32.8656 	EXP 	Created grating = GratingStim(__class__=<class 'psychopy.visual.grating.GratingStim'>, anchor='center', autoDraw=False, autoLog=True, blendmode='avg', color=array([1., 1., 1.]), colorSpace='rgb', contrast=1.0, depth=-2.0, interpolate=True, mask='circle', maskParams=None, name='grating', opacity=1.0, ori=0.0, phase=array([0., 0.]), pos=array([0., 0.]), rgbPedestal=array([0., 0., 0.]), sf=array([5., 5.]), size=array([0.1, 0.1]), tex='sin', texRes=128.0, units='height', win=Window(...))
32.8701 	EXP 	Imported C:/Users/urbun/Downloads/conditions.xlsx as conditions, 1 conditions, 5 params
33.2591 	EXP 	window1: recordFrameIntervals = False
33.2626 	EXP 	window1: recordFrameIntervals = False
34.0450 	DATA 	Keypress: space
34.2579 	EXP 	fixation: autoDraw = True
34.9123 	EXP 	grating: autoDraw = True
34.9123 	EXP 	grating: tex = 'sin'
35.2266 	EXP 	grating: autoDraw = False
35.2600 	EXP 	fixation: autoDraw = False
35.2636 	EXP 	window1: recordFrameIntervals = False
35.2655 	DATA 	Keypress: right
35.2766 	EXP 	fixation: autoDraw = False
35.2766 	EXP 	grating: autoDraw = False
35.2769 	EXP 	window1: recordFrameIntervals = False
36.2548 	EXP 	fixation: autoDraw = True
37.2602 	EXP 	fixation: autoDraw = False
37.2769 	EXP 	grating: autoDraw = True
37.2769 	EXP 	grating: tex = 'sin'
37.5772 	EXP 	grating: autoDraw = False
37.6636 	EXP 	window1: recordFrameIntervals = False
37.6655 	DATA 	Keypress: left
37.6771 	EXP 	fixation: autoDraw = False
37.6771 	EXP 	grating: autoDraw = False
37.6774 	EXP 	window1: recordFrameIntervals = False
38.6537 	EXP 	fixation: autoDraw = True
39.6602 	EXP 	fixation: autoDraw = False
39.6771 	EXP 	grating: autoDraw = True
39.6771 	EXP 	grating: tex = 'sin'
39.9768 	EXP 	grating: autoDraw = False
40.0139 	EXP 	window1: recordFrameIntervals = False
40.0157 	DATA 	Keypress: left
40.0271 	EXP 	fixation: autoDraw = False
40.0271 	EXP 	grating: autoDraw = False
40.0277 	EXP 	window1: recordFrameIntervals = False
41.0037 	EXP 	fixation: autoDraw = True
42.0104 	EXP 	fixation: autoDraw = False
42.0271 	EXP 	grating: autoDraw = True
42.0271 	EXP 	grating: tex = 'sin'
42.3270 	EXP 	grating: autoDraw = False
42.3479 	EXP 	window1: recordFrameIntervals = False
42.3496 	DATA 	Keypress: right
42.3604 	EXP 	fixation: autoDraw = False
42.3604 	EXP 	grating: autoDraw = False
42.3607 	EXP 	window1: recordFrameIntervals = False
43.3375 	EXP 	fixation: autoDraw = True
44.3440 	EXP 	fixation: autoDraw = False
44.3606 	EXP 	grating: autoDraw = True
44.3606 	EXP 	grating: tex = 'sin'
44.6605 	EXP 	grating: autoDraw = False
44.7802 	EXP 	window1: recordFrameIntervals = False
44.7819 	DATA 	Keypress: right
44.7941 	EXP 	fixation: autoDraw = False
44.7941 	EXP 	grating: autoDraw = False
44.7944 	EXP 	window1: recordFrameIntervals = False
45.7708 	EXP 	fixation: autoDraw = True
46.7773 	EXP 	fixation: autoDraw = False
46.7939 	EXP 	grating: autoDraw = True
46.7939 	EXP 	grating: tex = 'sin'
47.0940 	EXP 	grating: autoDraw = False
47.1302 	EXP 	window1: recordFrameIntervals = False
47.1319 	DATA 	Keypress: left
47.1440 	EXP 	fixation: autoDraw = False
47.1440 	EXP 	grating: autoDraw = False
47.1443 	EXP 	window1: recordFrameIntervals = False
48.1213 	EXP 	fixation: autoDraw = True
49.1273 	EXP 	fixation: autoDraw = False
49.1442 	EXP 	grating: autoDraw = True
49.1442 	EXP 	grating: tex = 'sin'
49.4441 	EXP 	grating: autoDraw = False
49.5301 	EXP 	window1: recordFrameIntervals = False
49.5319 	DATA 	Keypress: right
49.5440 	EXP 	fixation: autoDraw = False
49.5440 	EXP 	grating: autoDraw = False
49.5443 	EXP 	window1: recordFrameIntervals = False
50.5209 	EXP 	fixation: autoDraw = True
51.5274 	EXP 	fixation: autoDraw = False
51.5443 	EXP 	grating: autoDraw = True
51.5443 	EXP 	grating: tex = 'sin'
51.8441 	EXP 	grating: autoDraw = False
51.8971 	EXP 	window1: recordFrameIntervals = False
51.8988 	DATA 	Keypress: right
51.9107 	EXP 	fixation: autoDraw = False
51.9107 	EXP 	grating: autoDraw = False
51.9110 	EXP 	window1: recordFrameIntervals = False
52.8878 	EXP 	fixation: autoDraw = True
53.8943 	EXP 	fixation: autoDraw = False
53.9110 	EXP 	grating: autoDraw = True
53.9110 	EXP 	grating: tex = 'sin'
54.2108 	EXP 	grating: autoDraw = False
54.2152 	EXP 	window1: recordFrameIntervals = False
54.2172 	DATA 	Keypress: right
54.2275 	EXP 	fixation: autoDraw = False
54.2275 	EXP 	grating: autoDraw = False
54.2277 	EXP 	window1: recordFrameIntervals = False
55.2057 	EXP 	fixation: autoDraw = True
56.2110 	EXP 	fixation: autoDraw = False
56.2276 	EXP 	grating: autoDraw = True
56.2276 	EXP 	grating: tex = 'sin'
56.5277 	EXP 	grating: autoDraw = False
56.5806 	EXP 	window1: recordFrameIntervals = False
56.5822 	DATA 	Keypress: right
56.5944 	EXP 	fixation: autoDraw = False
56.5944 	EXP 	grating: autoDraw = False
56.5947 	EXP 	window1: recordFrameIntervals = False
57.5712 	EXP 	fixation: autoDraw = True
58.5778 	EXP 	fixation: autoDraw = False
58.5944 	EXP 	grating: autoDraw = True
58.5944 	EXP 	grating: tex = 'sin'
58.8944 	EXP 	grating: autoDraw = False
58.9644 	EXP 	window1: recordFrameIntervals = False
58.9661 	DATA 	Keypress: left
58.9777 	EXP 	fixation: autoDraw = False
58.9777 	EXP 	grating: autoDraw = False
58.9783 	EXP 	window1: recordFrameIntervals = False
59.9538 	EXP 	fixation: autoDraw = True
60.9612 	EXP 	fixation: autoDraw = False
60.9782 	EXP 	grating: autoDraw = True
60.9782 	EXP 	grating: tex = 'sin'
61.2782 	EXP 	grating: autoDraw = False
61.2810 	EXP 	window1: recordFrameIntervals = False
61.2827 	DATA 	Keypress: left
61.2946 	EXP 	fixation: autoDraw = False
61.2946 	EXP 	grating: autoDraw = False
61.2949 	EXP 	window1: recordFrameIntervals = False
62.2719 	EXP 	fixation: autoDraw = True
63.2780 	EXP 	fixation: autoDraw = False
63.2948 	EXP 	grating: autoDraw = True
63.2948 	EXP 	grating: tex = 'sin'
63.5946 	EXP 	grating: autoDraw = False
63.6644 	EXP 	window1: recordFrameIntervals = False
63.6660 	DATA 	Keypress: left
63.6781 	EXP 	fixation: autoDraw = False
63.6781 	EXP 	grating: autoDraw = False
63.6783 	EXP 	window1: recordFrameIntervals = False
64.6557 	EXP 	fixation: autoDraw = True
65.6614 	EXP 	fixation: autoDraw = False
65.6782 	EXP 	grating: autoDraw = True
65.6782 	EXP 	grating: tex = 'sin'
65.9780 	EXP 	grating: autoDraw = False
65.9815 	EXP 	window1: recordFrameIntervals = False
65.9833 	DATA 	Keypress: right
65.9947 	EXP 	fixation: autoDraw = False
65.9947 	EXP 	grating: autoDraw = False
65.9952 	EXP 	window1: recordFrameIntervals = False
66.9707 	EXP 	fixation: autoDraw = True
67.9782 	EXP 	fixation: autoDraw = False
67.9949 	EXP 	grating: autoDraw = True
67.9949 	EXP 	grating: tex = 'sin'
68.2948 	EXP 	grating: autoDraw = False
68.3479 	EXP 	window1: recordFrameIntervals = False
68.3496 	DATA 	Keypress: right
68.3615 	EXP 	fixation: autoDraw = False
68.3615 	EXP 	grating: autoDraw = False
68.3618 	EXP 	window1: recordFrameIntervals = False
69.3380 	EXP 	fixation: autoDraw = True
70.3450 	EXP 	fixation: autoDraw = False
70.3617 	EXP 	grating: autoDraw = True
70.3617 	EXP 	grating: tex = 'sin'
70.6617 	EXP 	grating: autoDraw = False
70.7476 	EXP 	window1: recordFrameIntervals = False
70.7492 	DATA 	Keypress: left
70.7615 	EXP 	fixation: autoDraw = False
70.7615 	EXP 	grating: autoDraw = False
70.7621 	EXP 	window1: recordFrameIntervals = False
71.7394 	EXP 	fixation: autoDraw = True
72.7451 	EXP 	fixation: autoDraw = False
72.7618 	EXP 	grating: autoDraw = True
72.7618 	EXP 	grating: tex = 'sin'
73.0617 	EXP 	grating: autoDraw = False
73.1648 	EXP 	window1: recordFrameIntervals = False
73.1664 	DATA 	Keypress: left
73.1786 	EXP 	fixation: autoDraw = False
73.1786 	EXP 	grating: autoDraw = False
73.1790 	EXP 	window1: recordFrameIntervals = False
74.1561 	EXP 	fixation: autoDraw = True
75.1618 	EXP 	fixation: autoDraw = False
75.1785 	EXP 	grating: autoDraw = True
75.1785 	EXP 	grating: tex = 'sin'
75.4784 	EXP 	grating: autoDraw = False
75.5315 	EXP 	window1: recordFrameIntervals = False
75.5330 	DATA 	Keypress: right
75.5454 	EXP 	fixation: autoDraw = False
75.5454 	EXP 	grating: autoDraw = False
75.5463 	EXP 	window1: recordFrameIntervals = False
76.5208 	EXP 	fixation: autoDraw = True
77.5286 	EXP 	fixation: autoDraw = False
77.5455 	EXP 	grating: autoDraw = True
77.5455 	EXP 	grating: tex = 'sin'
77.8453 	EXP 	grating: autoDraw = False
77.9315 	EXP 	window1: recordFrameIntervals = False
77.9335 	DATA 	Keypress: left
77.9452 	EXP 	fixation: autoDraw = False
77.9452 	EXP 	grating: autoDraw = False
77.9457 	EXP 	window1: recordFrameIntervals = False
78.9217 	EXP 	fixation: autoDraw = True
79.9287 	EXP 	fixation: autoDraw = False
79.9455 	EXP 	grating: autoDraw = True
79.9455 	EXP 	grating: tex = 'sin'
80.2454 	EXP 	grating: autoDraw = False
80.2985 	EXP 	window1: recordFrameIntervals = False
80.3002 	DATA 	Keypress: right
80.3150 	EXP 	fixation: autoDraw = False
80.3150 	EXP 	grating: autoDraw = False
80.3153 	EXP 	window1: recordFrameIntervals = False
81.2887 	EXP 	fixation: autoDraw = True
82.2954 	EXP 	fixation: autoDraw = False
82.3126 	EXP 	grating: autoDraw = True
82.3126 	EXP 	grating: tex = 'sin'
82.6121 	EXP 	grating: autoDraw = False
82.7158 	EXP 	window1: recordFrameIntervals = False
82.7174 	DATA 	Keypress: right
82.7288 	EXP 	fixation: autoDraw = False
82.7288 	EXP 	grating: autoDraw = False
82.7295 	EXP 	window1: recordFrameIntervals = False
83.7057 	EXP 	fixation: autoDraw = True
84.7124 	EXP 	fixation: autoDraw = False
84.7292 	EXP 	grating: autoDraw = True
84.7292 	EXP 	grating: tex = 'sin'
85.0290 	EXP 	grating: autoDraw = False
85.0825 	EXP 	window1: recordFrameIntervals = False
85.0841 	DATA 	Keypress: left
85.0955 	EXP 	fixation: autoDraw = False
85.0955 	EXP 	grating: autoDraw = False
85.0958 	EXP 	window1: recordFrameIntervals = False
86.0730 	EXP 	fixation: autoDraw = True
87.0789 	EXP 	fixation: autoDraw = False
87.0958 	EXP 	grating: autoDraw = True
87.0958 	EXP 	grating: tex = 'sin'
87.3956 	EXP 	grating: autoDraw = False
87.4819 	EXP 	window1: recordFrameIntervals = False
87.4836 	DATA 	Keypress: left
87.4956 	EXP 	fixation: autoDraw = False
87.4956 	EXP 	grating: autoDraw = False
87.4959 	EXP 	window1: recordFrameIntervals = False
88.4718 	EXP 	fixation: autoDraw = True
89.4790 	EXP 	fixation: autoDraw = False
89.4959 	EXP 	grating: autoDraw = True
89.4959 	EXP 	grating: tex = 'sin'
89.7959 	EXP 	grating: autoDraw = False
89.9134 	EXP 	window1: recordFrameIntervals = False
89.9142 	DATA 	Keypress: right
89.9287 	EXP 	fixation: autoDraw = False
89.9287 	EXP 	grating: autoDraw = False
89.9289 	EXP 	window1: recordFrameIntervals = False
90.9028 	EXP 	fixation: autoDraw = True
91.9127 	EXP 	fixation: autoDraw = False
91.9127 	EXP 	grating: autoDraw = True
91.9127 	EXP 	grating: tex = 'sin'
92.2126 	EXP 	grating: autoDraw = False
92.3161 	EXP 	window1: recordFrameIntervals = False
92.3183 	DATA 	Keypress: right
92.3293 	EXP 	fixation: autoDraw = False
92.3293 	EXP 	grating: autoDraw = False
92.3297 	EXP 	window1: recordFrameIntervals = False
93.3065 	EXP 	fixation: autoDraw = True
94.3126 	EXP 	fixation: autoDraw = False
94.3295 	EXP 	grating: autoDraw = True
94.3295 	EXP 	grating: tex = 'sin'
94.6294 	EXP 	grating: autoDraw = False
94.6827 	EXP 	window1: recordFrameIntervals = False
94.6844 	DATA 	Keypress: left
94.6959 	EXP 	fixation: autoDraw = False
94.6959 	EXP 	grating: autoDraw = False
94.6962 	EXP 	window1: recordFrameIntervals = False
95.6725 	EXP 	fixation: autoDraw = True
96.6793 	EXP 	fixation: autoDraw = False
96.6966 	EXP 	grating: autoDraw = True
96.6966 	EXP 	grating: tex = 'sin'
96.9964 	EXP 	grating: autoDraw = False
97.1157 	EXP 	window1: recordFrameIntervals = False
97.1173 	DATA 	Keypress: right
97.1294 	EXP 	fixation: autoDraw = False
97.1294 	EXP 	grating: autoDraw = False
97.1297 	EXP 	window1: recordFrameIntervals = False
98.1060 	EXP 	fixation: autoDraw = True
99.1130 	EXP 	fixation: autoDraw = False
99.1296 	EXP 	grating: autoDraw = True
99.1296 	EXP 	grating: tex = 'sin'
99.4295 	EXP 	grating: autoDraw = False
99.5493 	EXP 	window1: recordFrameIntervals = False
99.5519 	DATA 	Keypress: right
99.5630 	EXP 	fixation: autoDraw = False
99.5630 	EXP 	grating: autoDraw = False
99.5633 	EXP 	window1: recordFrameIntervals = False
100.5403 	EXP 	fixation: autoDraw = True
101.5463 	EXP 	fixation: autoDraw = False
101.5631 	EXP 	grating: autoDraw = True
101.5631 	EXP 	grating: tex = 'sin'
101.8631 	EXP 	grating: autoDraw = False
101.9500 	DATA 	Keypress: left
101.9661 	EXP 	window1: recordFrameIntervals = False
101.9800 	EXP 	fixation: autoDraw = False
101.9800 	EXP 	grating: autoDraw = False
101.9803 	EXP 	window1: recordFrameIntervals = False
102.9563 	EXP 	fixation: autoDraw = True
103.9630 	EXP 	fixation: autoDraw = False
103.9814 	EXP 	grating: autoDraw = True
103.9814 	EXP 	grating: tex = 'sin'
104.2965 	EXP 	grating: autoDraw = False
104.3505 	DATA 	Keypress: right
104.3665 	EXP 	window1: recordFrameIntervals = False
104.3801 	EXP 	fixation: autoDraw = False
104.3801 	EXP 	grating: autoDraw = False
104.3804 	EXP 	window1: recordFrameIntervals = False
105.3571 	EXP 	fixation: autoDraw = True
106.3632 	EXP 	fixation: autoDraw = False
106.3801 	EXP 	grating: autoDraw = True
106.3801 	EXP 	grating: tex = 'sin'
106.6802 	EXP 	grating: autoDraw = False
106.7338 	EXP 	window1: recordFrameIntervals = False
106.7360 	DATA 	Keypress: right
106.7465 	EXP 	fixation: autoDraw = False
106.7465 	EXP 	grating: autoDraw = False
106.7468 	EXP 	window1: recordFrameIntervals = False
107.7244 	EXP 	fixation: autoDraw = True
108.7299 	EXP 	fixation: autoDraw = False
108.7469 	EXP 	grating: autoDraw = True
108.7469 	EXP 	grating: tex = 'sin'
109.0468 	EXP 	grating: autoDraw = False
109.0995 	EXP 	window1: recordFrameIntervals = False
109.1010 	DATA 	Keypress: right
109.1133 	EXP 	fixation: autoDraw = False
109.1133 	EXP 	grating: autoDraw = False
109.1136 	EXP 	window1: recordFrameIntervals = False
110.0908 	EXP 	fixation: autoDraw = True
111.0967 	EXP 	fixation: autoDraw = False
111.1135 	EXP 	grating: autoDraw = True
111.1135 	EXP 	grating: tex = 'sin'
111.4135 	EXP 	grating: autoDraw = False
111.5329 	EXP 	window1: recordFrameIntervals = False
111.5347 	DATA 	Keypress: left
111.5469 	EXP 	fixation: autoDraw = False
111.5469 	EXP 	grating: autoDraw = False
111.5473 	EXP 	window1: recordFrameIntervals = False
112.5227 	EXP 	fixation: autoDraw = True
113.5301 	EXP 	fixation: autoDraw = False
113.5469 	EXP 	grating: autoDraw = True
113.5469 	EXP 	grating: tex = 'sin'
113.8469 	EXP 	grating: autoDraw = False
113.8979 	EXP 	window1: recordFrameIntervals = False
113.8988 	DATA 	Keypress: left
113.9133 	EXP 	fixation: autoDraw = False
113.9133 	EXP 	grating: autoDraw = False
113.9137 	EXP 	window1: recordFrameIntervals = False
114.8876 	EXP 	fixation: autoDraw = True
115.8971 	EXP 	fixation: autoDraw = False
115.8971 	EXP 	grating: autoDraw = True
115.8971 	EXP 	grating: tex = 'sin'
116.1972 	EXP 	grating: autoDraw = False
116.2677 	EXP 	window1: recordFrameIntervals = False
116.2696 	DATA 	Keypress: right
116.2803 	EXP 	fixation: autoDraw = False
116.2803 	EXP 	grating: autoDraw = False
116.2806 	EXP 	window1: recordFrameIntervals = False
117.2574 	EXP 	fixation: autoDraw = True
118.2638 	EXP 	fixation: autoDraw = False
118.2806 	EXP 	grating: autoDraw = True
118.2806 	EXP 	grating: tex = 'sin'
118.5837 	EXP 	grating: autoDraw = False
118.6504 	EXP 	window1: recordFrameIntervals = False
118.6522 	DATA 	Keypress: right
118.6638 	EXP 	fixation: autoDraw = False
118.6638 	EXP 	grating: autoDraw = False
118.6641 	EXP 	window1: recordFrameIntervals = False
119.6422 	EXP 	fixation: autoDraw = True
120.6472 	EXP 	fixation: autoDraw = False
120.6641 	EXP 	grating: autoDraw = True
120.6641 	EXP 	grating: tex = 'sin'
120.9639 	EXP 	grating: autoDraw = False
121.0343 	EXP 	window1: recordFrameIntervals = False
121.0362 	DATA 	Keypress: right
121.0471 	EXP 	fixation: autoDraw = False
121.0471 	EXP 	grating: autoDraw = False
121.0474 	EXP 	window1: recordFrameIntervals = False
122.0255 	EXP 	fixation: autoDraw = True
123.0308 	EXP 	fixation: autoDraw = False
123.0473 	EXP 	grating: autoDraw = True
123.0473 	EXP 	grating: tex = 'sin'
123.3470 	EXP 	grating: autoDraw = False
123.3817 	EXP 	window1: recordFrameIntervals = False
123.3838 	DATA 	Keypress: left
123.3970 	EXP 	fixation: autoDraw = False
123.3970 	EXP 	grating: autoDraw = False
123.3972 	EXP 	window1: recordFrameIntervals = False
124.3716 	EXP 	fixation: autoDraw = True
125.3812 	EXP 	fixation: autoDraw = False
125.3812 	EXP 	grating: autoDraw = True
125.3812 	EXP 	grating: tex = 'sin'
125.6806 	EXP 	grating: autoDraw = False
125.7332 	DATA 	Keypress: right
125.7502 	EXP 	window1: recordFrameIntervals = False
125.7641 	EXP 	fixation: autoDraw = False
125.7641 	EXP 	grating: autoDraw = False
125.7644 	EXP 	window1: recordFrameIntervals = False
126.7403 	EXP 	fixation: autoDraw = True
127.7473 	EXP 	fixation: autoDraw = False
127.7644 	EXP 	grating: autoDraw = True
127.7644 	EXP 	grating: tex = 'sin'
128.0641 	EXP 	grating: autoDraw = False
128.1013 	EXP 	window1: recordFrameIntervals = False
128.1033 	DATA 	Keypress: left
128.1141 	EXP 	fixation: autoDraw = False
128.1141 	EXP 	grating: autoDraw = False
128.1144 	EXP 	window1: recordFrameIntervals = False
129.0944 	EXP 	fixation: autoDraw = True
130.0976 	EXP 	fixation: autoDraw = False
130.1144 	EXP 	grating: autoDraw = True
130.1144 	EXP 	grating: tex = 'sin'
130.4144 	EXP 	grating: autoDraw = False
130.4507 	EXP 	window1: recordFrameIntervals = False
130.4522 	DATA 	Keypress: right
130.4642 	EXP 	fixation: autoDraw = False
130.4642 	EXP 	grating: autoDraw = False
130.4645 	EXP 	window1: recordFrameIntervals = False
131.4407 	EXP 	fixation: autoDraw = True
132.4478 	EXP 	fixation: autoDraw = False
132.4645 	EXP 	grating: autoDraw = True
132.4645 	EXP 	grating: tex = 'sin'
132.7640 	EXP 	grating: autoDraw = False
132.8500 	EXP 	window1: recordFrameIntervals = False
132.8507 	DATA 	Keypress: right
132.8644 	EXP 	fixation: autoDraw = False
132.8644 	EXP 	grating: autoDraw = False
132.8647 	EXP 	window1: recordFrameIntervals = False
133.8409 	EXP 	fixation: autoDraw = True
134.8479 	EXP 	fixation: autoDraw = False
134.8647 	EXP 	grating: autoDraw = True
134.8647 	EXP 	grating: tex = 'sin'
135.1645 	EXP 	grating: autoDraw = False
135.2510 	EXP 	window1: recordFrameIntervals = False
135.2527 	DATA 	Keypress: right
135.2646 	EXP 	fixation: autoDraw = False
135.2646 	EXP 	grating: autoDraw = False
135.2650 	EXP 	window1: recordFrameIntervals = False
136.2415 	EXP 	fixation: autoDraw = True
137.2479 	EXP 	fixation: autoDraw = False
137.2648 	EXP 	grating: autoDraw = True
137.2648 	EXP 	grating: tex = 'sin'
137.5646 	EXP 	grating: autoDraw = False
137.6339 	EXP 	window1: recordFrameIntervals = False
137.6354 	DATA 	Keypress: right
137.6479 	EXP 	fixation: autoDraw = False
137.6479 	EXP 	grating: autoDraw = False
137.6482 	EXP 	window1: recordFrameIntervals = False
138.6243 	EXP 	fixation: autoDraw = True
139.6314 	EXP 	fixation: autoDraw = False
139.6481 	EXP 	grating: autoDraw = True
139.6481 	EXP 	grating: tex = 'sin'
139.9484 	EXP 	grating: autoDraw = False
140.0181 	EXP 	window1: recordFrameIntervals = False
140.0197 	DATA 	Keypress: left
140.0315 	EXP 	fixation: autoDraw = False
140.0315 	EXP 	grating: autoDraw = False
140.0317 	EXP 	window1: recordFrameIntervals = False
141.0096 	EXP 	fixation: autoDraw = True
142.0147 	EXP 	fixation: autoDraw = False
142.0321 	EXP 	grating: autoDraw = True
142.0321 	EXP 	grating: tex = 'sin'
142.3319 	EXP 	grating: autoDraw = False
142.4187 	EXP 	window1: recordFrameIntervals = False
142.4195 	DATA 	Keypress: left
142.4321 	EXP 	fixation: autoDraw = False
142.4321 	EXP 	grating: autoDraw = False
142.4327 	EXP 	window1: recordFrameIntervals = False
143.4081 	EXP 	fixation: autoDraw = True
144.4149 	EXP 	fixation: autoDraw = False
144.4319 	EXP 	grating: autoDraw = True
144.4319 	EXP 	grating: tex = 'sin'
144.7319 	EXP 	grating: autoDraw = False
144.7846 	EXP 	window1: recordFrameIntervals = False
144.7864 	DATA 	Keypress: right
144.7983 	EXP 	fixation: autoDraw = False
144.7983 	EXP 	grating: autoDraw = False
144.7985 	EXP 	window1: recordFrameIntervals = False
145.7742 	EXP 	fixation: autoDraw = True
146.7818 	EXP 	fixation: autoDraw = False
146.7986 	EXP 	grating: autoDraw = True
146.7986 	EXP 	grating: tex = 'sin'
147.0984 	EXP 	grating: autoDraw = False
147.1517 	EXP 	window1: recordFrameIntervals = False
147.1536 	DATA 	Keypress: left
147.1652 	EXP 	fixation: autoDraw = False
147.1652 	EXP 	grating: autoDraw = False
147.1655 	EXP 	window1: recordFrameIntervals = False
148.1422 	EXP 	fixation: autoDraw = True
149.1485 	EXP 	fixation: autoDraw = False
149.1653 	EXP 	grating: autoDraw = True
149.1653 	EXP 	grating: tex = 'sin'
149.4651 	EXP 	grating: autoDraw = False
149.5185 	EXP 	window1: recordFrameIntervals = False
149.5193 	DATA 	Keypress: right
149.5214 	EXP 	fixation: autoDraw = False
149.5214 	EXP 	grating: autoDraw = False
149.5215 	EXP 	window1: recordFrameIntervals = False
150.5110 	EXP 	fixation: autoDraw = True
151.5148 	EXP 	fixation: autoDraw = False
151.5320 	EXP 	grating: autoDraw = True
151.5320 	EXP 	grating: tex = 'sin'
151.8318 	EXP 	grating: autoDraw = False
151.8860 	EXP 	window1: recordFrameIntervals = False
151.8880 	DATA 	Keypress: left
151.8987 	EXP 	fixation: autoDraw = False
151.8987 	EXP 	grating: autoDraw = False
151.8993 	EXP 	window1: recordFrameIntervals = False
152.8756 	EXP 	fixation: autoDraw = True
153.8819 	EXP 	fixation: autoDraw = False
153.8988 	EXP 	grating: autoDraw = True
153.8988 	EXP 	grating: tex = 'sin'
154.1988 	EXP 	grating: autoDraw = False
154.3185 	EXP 	window1: recordFrameIntervals = False
154.3217 	DATA 	Keypress: left
154.3320 	EXP 	fixation: autoDraw = False
154.3320 	EXP 	grating: autoDraw = False
154.3323 	EXP 	window1: recordFrameIntervals = False
155.3088 	EXP 	fixation: autoDraw = True
156.3154 	EXP 	fixation: autoDraw = False
156.3322 	EXP 	grating: autoDraw = True
156.3322 	EXP 	grating: tex = 'sin'
156.6320 	EXP 	grating: autoDraw = False
156.7343 	EXP 	window1: recordFrameIntervals = False
156.7348 	DATA 	Keypress: right
156.7488 	EXP 	fixation: autoDraw = False
156.7488 	EXP 	grating: autoDraw = False
156.7491 	EXP 	window1: recordFrameIntervals = False
157.7249 	EXP 	fixation: autoDraw = True
158.7321 	EXP 	fixation: autoDraw = False
158.7490 	EXP 	grating: autoDraw = True
158.7490 	EXP 	grating: tex = 'sin'
159.0485 	EXP 	grating: autoDraw = False
159.1017 	EXP 	window1: recordFrameIntervals = False
159.1056 	DATA 	Keypress: right
159.1156 	EXP 	fixation: autoDraw = False
159.1156 	EXP 	grating: autoDraw = False
159.1158 	EXP 	window1: recordFrameIntervals = False
160.0916 	EXP 	fixation: autoDraw = True
161.0990 	EXP 	fixation: autoDraw = False
161.1159 	EXP 	grating: autoDraw = True
161.1159 	EXP 	grating: tex = 'sin'
161.4157 	EXP 	grating: autoDraw = False
161.5521 	EXP 	window1: recordFrameIntervals = False
161.5535 	DATA 	Keypress: right
161.5657 	EXP 	fixation: autoDraw = False
161.5657 	EXP 	grating: autoDraw = False
161.5662 	EXP 	window1: recordFrameIntervals = False
162.5425 	EXP 	fixation: autoDraw = True
163.5491 	EXP 	fixation: autoDraw = False
163.5662 	EXP 	grating: autoDraw = True
163.5662 	EXP 	grating: tex = 'sin'
163.8658 	EXP 	grating: autoDraw = False
163.9197 	EXP 	window1: recordFrameIntervals = False
163.9214 	DATA 	Keypress: left
163.9327 	EXP 	fixation: autoDraw = False
163.9327 	EXP 	grating: autoDraw = False
163.9330 	EXP 	window1: recordFrameIntervals = False
164.9105 	EXP 	fixation: autoDraw = True
165.9157 	EXP 	fixation: autoDraw = False
165.9329 	EXP 	grating: autoDraw = True
165.9329 	EXP 	grating: tex = 'sin'
166.2325 	EXP 	grating: autoDraw = False
166.3022 	EXP 	window1: recordFrameIntervals = False
166.3054 	DATA 	Keypress: right
166.3160 	EXP 	fixation: autoDraw = False
166.3160 	EXP 	grating: autoDraw = False
166.3163 	EXP 	window1: recordFrameIntervals = False
167.2927 	EXP 	fixation: autoDraw = True
168.2992 	EXP 	fixation: autoDraw = False
168.3161 	EXP 	grating: autoDraw = True
168.3161 	EXP 	grating: tex = 'sin'
168.6161 	EXP 	grating: autoDraw = False
168.7188 	EXP 	window1: recordFrameIntervals = False
168.7194 	DATA 	Keypress: left
168.7327 	EXP 	fixation: autoDraw = False
168.7327 	EXP 	grating: autoDraw = False
168.7330 	EXP 	window1: recordFrameIntervals = False
169.7108 	EXP 	fixation: autoDraw = True
170.7161 	EXP 	fixation: autoDraw = False
170.7330 	EXP 	grating: autoDraw = True
170.7330 	EXP 	grating: tex = 'sin'
171.0328 	EXP 	grating: autoDraw = False
171.1704 	DATA 	Keypress: left
171.1866 	EXP 	window1: recordFrameIntervals = False
171.1998 	EXP 	fixation: autoDraw = False
171.1998 	EXP 	grating: autoDraw = False
171.2001 	EXP 	window1: recordFrameIntervals = False
172.1764 	EXP 	fixation: autoDraw = True
173.1829 	EXP 	fixation: autoDraw = False
173.1998 	EXP 	grating: autoDraw = True
173.1998 	EXP 	grating: tex = 'sin'
173.4997 	EXP 	grating: autoDraw = False
173.5527 	EXP 	window1: recordFrameIntervals = False
173.5544 	DATA 	Keypress: left
173.5662 	EXP 	fixation: autoDraw = False
173.5662 	EXP 	grating: autoDraw = False
173.5664 	EXP 	window1: recordFrameIntervals = False
174.5423 	EXP 	fixation: autoDraw = True
175.5497 	EXP 	fixation: autoDraw = False
175.5664 	EXP 	grating: autoDraw = True
175.5664 	EXP 	grating: tex = 'sin'
175.8663 	EXP 	grating: autoDraw = False
175.9547 	DATA 	Keypress: right
175.9691 	EXP 	window1: recordFrameIntervals = False
175.9831 	EXP 	fixation: autoDraw = False
175.9831 	EXP 	grating: autoDraw = False
175.9834 	EXP 	window1: recordFrameIntervals = False
176.9599 	EXP 	fixation: autoDraw = True
177.9667 	EXP 	fixation: autoDraw = False
177.9832 	EXP 	grating: autoDraw = True
177.9832 	EXP 	grating: tex = 'sin'
178.2831 	EXP 	grating: autoDraw = False
178.3528 	EXP 	window1: recordFrameIntervals = False
178.3538 	DATA 	Keypress: right
178.3668 	EXP 	fixation: autoDraw = False
178.3668 	EXP 	grating: autoDraw = False
178.3671 	EXP 	window1: recordFrameIntervals = False
179.3447 	EXP 	fixation: autoDraw = True
180.3499 	EXP 	fixation: autoDraw = False
180.3670 	EXP 	grating: autoDraw = True
180.3670 	EXP 	grating: tex = 'sin'
180.6665 	EXP 	grating: autoDraw = False
180.7192 	EXP 	window1: recordFrameIntervals = False
180.7208 	DATA 	Keypress: right
180.7332 	EXP 	fixation: autoDraw = False
180.7332 	EXP 	grating: autoDraw = False
180.7335 	EXP 	window1: recordFrameIntervals = False
181.7094 	EXP 	fixation: autoDraw = True
182.7169 	EXP 	fixation: autoDraw = False
182.7334 	EXP 	grating: autoDraw = True
182.7334 	EXP 	grating: tex = 'sin'
183.0339 	EXP 	grating: autoDraw = False
183.0696 	DATA 	Keypress: left
183.0866 	EXP 	window1: recordFrameIntervals = False
183.0999 	EXP 	fixation: autoDraw = False
183.0999 	EXP 	grating: autoDraw = False
183.1002 	EXP 	window1: recordFrameIntervals = False
184.0770 	EXP 	fixation: autoDraw = True
185.0832 	EXP 	fixation: autoDraw = False
185.1003 	EXP 	grating: autoDraw = True
185.1003 	EXP 	grating: tex = 'sin'
185.4003 	EXP 	grating: autoDraw = False
185.5196 	EXP 	window1: recordFrameIntervals = False
185.5212 	DATA 	Keypress: right
185.5333 	EXP 	fixation: autoDraw = False
185.5333 	EXP 	grating: autoDraw = False
185.5338 	EXP 	window1: recordFrameIntervals = False
186.5097 	EXP 	fixation: autoDraw = True
187.5167 	EXP 	fixation: autoDraw = False
187.5337 	EXP 	grating: autoDraw = True
187.5337 	EXP 	grating: tex = 'sin'
187.8336 	EXP 	grating: autoDraw = False
187.9204 	EXP 	window1: recordFrameIntervals = False
187.9221 	DATA 	Keypress: left
187.9336 	EXP 	fixation: autoDraw = False
187.9336 	EXP 	grating: autoDraw = False
187.9339 	EXP 	window1: recordFrameIntervals = False
188.9100 	EXP 	fixation: autoDraw = True
189.9170 	EXP 	fixation: autoDraw = False
189.9338 	EXP 	grating: autoDraw = True
189.9338 	EXP 	grating: tex = 'sin'
190.2338 	EXP 	grating: autoDraw = False
190.2863 	EXP 	window1: recordFrameIntervals = False
190.2895 	DATA 	Keypress: right
190.3005 	EXP 	fixation: autoDraw = False
190.3005 	EXP 	grating: autoDraw = False
190.3009 	EXP 	window1: recordFrameIntervals = False
191.2768 	EXP 	fixation: autoDraw = True
192.2840 	EXP 	fixation: autoDraw = False
192.3008 	EXP 	grating: autoDraw = True
192.3008 	EXP 	grating: tex = 'sin'
192.6007 	EXP 	grating: autoDraw = False
192.6708 	EXP 	window1: recordFrameIntervals = False
192.6733 	DATA 	Keypress: right
192.6839 	EXP 	fixation: autoDraw = False
192.6839 	EXP 	grating: autoDraw = False
192.6842 	EXP 	window1: recordFrameIntervals = False
193.6609 	EXP 	fixation: autoDraw = True
194.6670 	EXP 	fixation: autoDraw = False
194.6839 	EXP 	grating: autoDraw = True
194.6839 	EXP 	grating: tex = 'sin'
194.9838 	EXP 	grating: autoDraw = False
195.0866 	EXP 	window1: recordFrameIntervals = False
195.0886 	DATA 	Keypress: left
195.1004 	EXP 	fixation: autoDraw = False
195.1004 	EXP 	grating: autoDraw = False
195.1007 	EXP 	window1: recordFrameIntervals = False
196.0767 	EXP 	fixation: autoDraw = True
197.0839 	EXP 	fixation: autoDraw = False
197.1008 	EXP 	grating: autoDraw = True
197.1008 	EXP 	grating: tex = 'sin'
197.4007 	EXP 	grating: autoDraw = False
197.5877 	EXP 	window1: recordFrameIntervals = False
197.5893 	DATA 	Keypress: right
197.6013 	EXP 	fixation: autoDraw = False
197.6013 	EXP 	grating: autoDraw = False
197.6020 	EXP 	window1: recordFrameIntervals = False
198.5783 	EXP 	fixation: autoDraw = True
199.5840 	EXP 	fixation: autoDraw = False
199.6009 	EXP 	grating: autoDraw = True
199.6009 	EXP 	grating: tex = 'sin'
199.9009 	EXP 	grating: autoDraw = False
199.9704 	DATA 	Keypress: right
199.9871 	EXP 	window1: recordFrameIntervals = False
200.0008 	EXP 	fixation: autoDraw = False
200.0008 	EXP 	grating: autoDraw = False
200.0011 	EXP 	window1: recordFrameIntervals = False
200.9776 	EXP 	fixation: autoDraw = True
201.9842 	EXP 	fixation: autoDraw = False
202.0010 	EXP 	grating: autoDraw = True
202.0010 	EXP 	grating: tex = 'sin'
202.3035 	EXP 	grating: autoDraw = False
202.4040 	EXP 	window1: recordFrameIntervals = False
202.4056 	DATA 	Keypress: left
202.4174 	EXP 	fixation: autoDraw = False
202.4174 	EXP 	grating: autoDraw = False
202.4182 	EXP 	window1: recordFrameIntervals = False
203.3945 	EXP 	fixation: autoDraw = True
204.4008 	EXP 	fixation: autoDraw = False
204.4174 	EXP 	grating: autoDraw = True
204.4174 	EXP 	grating: tex = 'sin'
204.7173 	EXP 	grating: autoDraw = False
204.8199 	EXP 	window1: recordFrameIntervals = False
204.8233 	DATA 	Keypress: left
204.8339 	EXP 	fixation: autoDraw = False
204.8339 	EXP 	grating: autoDraw = False
204.8341 	EXP 	window1: recordFrameIntervals = False
205.8104 	EXP 	fixation: autoDraw = True
206.8175 	EXP 	fixation: autoDraw = False
206.8342 	EXP 	grating: autoDraw = True
206.8342 	EXP 	grating: tex = 'sin'
207.1341 	EXP 	grating: autoDraw = False
207.2025 	EXP 	window1: recordFrameIntervals = False
207.2037 	DATA 	Keypress: left
207.2173 	EXP 	fixation: autoDraw = False
207.2173 	EXP 	grating: autoDraw = False
207.2176 	EXP 	window1: recordFrameIntervals = False
208.1924 	EXP 	fixation: autoDraw = True
209.2013 	EXP 	fixation: autoDraw = False
209.2013 	EXP 	grating: autoDraw = True
209.2013 	EXP 	grating: tex = 'sin'
209.5011 	EXP 	grating: autoDraw = False
209.5225 	EXP 	window1: recordFrameIntervals = False
209.5253 	DATA 	Keypress: left
209.5347 	EXP 	fixation: autoDraw = False
209.5347 	EXP 	grating: autoDraw = False
209.5350 	EXP 	window1: recordFrameIntervals = False
210.5135 	EXP 	fixation: autoDraw = True
211.5180 	EXP 	fixation: autoDraw = False
211.5348 	EXP 	grating: autoDraw = True
211.5348 	EXP 	grating: tex = 'sin'
211.8348 	EXP 	grating: autoDraw = False
211.9045 	EXP 	window1: recordFrameIntervals = False
211.9063 	DATA 	Keypress: left
211.9179 	EXP 	fixation: autoDraw = False
211.9179 	EXP 	grating: autoDraw = False
211.9182 	EXP 	window1: recordFrameIntervals = False
212.8941 	EXP 	fixation: autoDraw = True
213.9013 	EXP 	fixation: autoDraw = False
213.9182 	EXP 	grating: autoDraw = True
213.9182 	EXP 	grating: tex = 'sin'
214.2180 	EXP 	grating: autoDraw = False
214.3091 	DATA 	Keypress: right
214.3196 	EXP 	window1: recordFrameIntervals = False
214.3351 	EXP 	fixation: autoDraw = False
214.3351 	EXP 	grating: autoDraw = False
214.3360 	EXP 	window1: recordFrameIntervals = False
215.3092 	EXP 	fixation: autoDraw = True
216.3182 	EXP 	fixation: autoDraw = False
216.3182 	EXP 	grating: autoDraw = True
216.3182 	EXP 	grating: tex = 'sin'
216.6181 	EXP 	grating: autoDraw = False
216.7547 	EXP 	window1: recordFrameIntervals = False
216.7564 	DATA 	Keypress: right
216.7683 	EXP 	fixation: autoDraw = False
216.7683 	EXP 	grating: autoDraw = False
216.7688 	EXP 	window1: recordFrameIntervals = False
217.7457 	EXP 	fixation: autoDraw = True
218.7516 	EXP 	fixation: autoDraw = False
218.7683 	EXP 	grating: autoDraw = True
218.7683 	EXP 	grating: tex = 'sin'
219.0682 	EXP 	grating: autoDraw = False
219.1210 	EXP 	window1: recordFrameIntervals = False
219.1225 	DATA 	Keypress: left
219.1351 	EXP 	fixation: autoDraw = False
219.1351 	EXP 	grating: autoDraw = False
219.1353 	EXP 	window1: recordFrameIntervals = False
220.1114 	EXP 	fixation: autoDraw = True
221.1182 	EXP 	fixation: autoDraw = False
221.1352 	EXP 	grating: autoDraw = True
221.1352 	EXP 	grating: tex = 'sin'
221.4351 	EXP 	grating: autoDraw = False
221.5725 	EXP 	window1: recordFrameIntervals = False
221.5743 	DATA 	Keypress: left
221.5849 	EXP 	fixation: autoDraw = False
221.5849 	EXP 	grating: autoDraw = False
221.5852 	EXP 	window1: recordFrameIntervals = False
222.5625 	EXP 	fixation: autoDraw = True
223.5687 	EXP 	fixation: autoDraw = False
223.5852 	EXP 	grating: autoDraw = True
223.5852 	EXP 	grating: tex = 'sin'
223.8854 	EXP 	grating: autoDraw = False
223.9214 	EXP 	window1: recordFrameIntervals = False
223.9231 	DATA 	Keypress: right
223.9355 	EXP 	fixation: autoDraw = False
223.9355 	EXP 	grating: autoDraw = False
223.9358 	EXP 	window1: recordFrameIntervals = False
224.9121 	EXP 	fixation: autoDraw = True
225.9186 	EXP 	fixation: autoDraw = False
225.9353 	EXP 	grating: autoDraw = True
225.9353 	EXP 	grating: tex = 'sin'
226.2353 	EXP 	grating: autoDraw = False
226.2740 	DATA 	Keypress: left
226.2881 	EXP 	window1: recordFrameIntervals = False
226.3021 	EXP 	fixation: autoDraw = False
226.3021 	EXP 	grating: autoDraw = False
226.3023 	EXP 	window1: recordFrameIntervals = False
227.2781 	EXP 	fixation: autoDraw = True
228.2853 	EXP 	fixation: autoDraw = False
228.3022 	EXP 	grating: autoDraw = True
228.3022 	EXP 	grating: tex = 'sin'
228.6019 	EXP 	grating: autoDraw = False
228.6392 	EXP 	window1: recordFrameIntervals = False
228.6411 	DATA 	Keypress: right
228.6518 	EXP 	fixation: autoDraw = False
228.6518 	EXP 	grating: autoDraw = False
228.6521 	EXP 	window1: recordFrameIntervals = False
229.6296 	EXP 	fixation: autoDraw = True
230.6354 	EXP 	fixation: autoDraw = False
230.6522 	EXP 	grating: autoDraw = True
230.6522 	EXP 	grating: tex = 'sin'
230.9521 	EXP 	grating: autoDraw = False
231.0386 	EXP 	window1: recordFrameIntervals = False
231.0408 	DATA 	Keypress: right
231.0521 	EXP 	fixation: autoDraw = False
231.0521 	EXP 	grating: autoDraw = False
231.0524 	EXP 	window1: recordFrameIntervals = False
232.0286 	EXP 	fixation: autoDraw = True
233.0358 	EXP 	fixation: autoDraw = False
233.0522 	EXP 	grating: autoDraw = True
233.0522 	EXP 	grating: tex = 'sin'
233.3523 	EXP 	grating: autoDraw = False
233.4055 	DATA 	Keypress: left
233.4230 	EXP 	window1: recordFrameIntervals = False
233.4358 	EXP 	fixation: autoDraw = False
233.4358 	EXP 	grating: autoDraw = False
233.4360 	EXP 	window1: recordFrameIntervals = False
234.4140 	EXP 	fixation: autoDraw = True
235.4190 	EXP 	fixation: autoDraw = False
235.4358 	EXP 	grating: autoDraw = True
235.4358 	EXP 	grating: tex = 'sin'
235.7356 	EXP 	grating: autoDraw = False
235.8216 	EXP 	window1: recordFrameIntervals = False
235.8244 	DATA 	Keypress: right
235.8355 	EXP 	fixation: autoDraw = False
235.8355 	EXP 	grating: autoDraw = False
235.8358 	EXP 	window1: recordFrameIntervals = False
236.8124 	EXP 	fixation: autoDraw = True
237.8189 	EXP 	fixation: autoDraw = False
237.8359 	EXP 	grating: autoDraw = True
237.8359 	EXP 	grating: tex = 'sin'
238.1359 	EXP 	grating: autoDraw = False
238.2075 	DATA 	Keypress: right
238.2219 	EXP 	window1: recordFrameIntervals = False
238.2359 	EXP 	fixation: autoDraw = False
238.2359 	EXP 	grating: autoDraw = False
238.2362 	EXP 	window1: recordFrameIntervals = False
239.2132 	EXP 	fixation: autoDraw = True
240.2195 	EXP 	fixation: autoDraw = False
240.2361 	EXP 	grating: autoDraw = True
240.2361 	EXP 	grating: tex = 'sin'
240.5359 	EXP 	grating: autoDraw = False
240.6069 	DATA 	Keypress: right
240.6227 	EXP 	window1: recordFrameIntervals = False
240.6357 	EXP 	fixation: autoDraw = False
240.6357 	EXP 	grating: autoDraw = False
240.6359 	EXP 	window1: recordFrameIntervals = False
241.6135 	EXP 	fixation: autoDraw = True
242.6192 	EXP 	fixation: autoDraw = False
242.6361 	EXP 	grating: autoDraw = True
242.6361 	EXP 	grating: tex = 'sin'
242.9360 	EXP 	grating: autoDraw = False
243.0223 	EXP 	window1: recordFrameIntervals = False
243.0254 	DATA 	Keypress: right
243.0360 	EXP 	fixation: autoDraw = False
243.0360 	EXP 	grating: autoDraw = False
243.0364 	EXP 	window1: recordFrameIntervals = False
244.0128 	EXP 	fixation: autoDraw = True
245.0193 	EXP 	fixation: autoDraw = False
245.0362 	EXP 	grating: autoDraw = True
245.0362 	EXP 	grating: tex = 'sin'
245.3361 	EXP 	grating: autoDraw = False
245.4227 	EXP 	window1: recordFrameIntervals = False
245.4236 	DATA 	Keypress: left
245.4364 	EXP 	fixation: autoDraw = False
245.4364 	EXP 	grating: autoDraw = False
245.4366 	EXP 	window1: recordFrameIntervals = False
246.4136 	EXP 	fixation: autoDraw = True
247.4193 	EXP 	fixation: autoDraw = False
247.4361 	EXP 	grating: autoDraw = True
247.4361 	EXP 	grating: tex = 'sin'
247.7362 	EXP 	grating: autoDraw = False
247.7390 	EXP 	window1: recordFrameIntervals = False
247.7406 	DATA 	Keypress: right
247.7529 	EXP 	fixation: autoDraw = False
247.7529 	EXP 	grating: autoDraw = False
247.7534 	EXP 	window1: recordFrameIntervals = False
248.7283 	EXP 	fixation: autoDraw = True
249.7362 	EXP 	fixation: autoDraw = False
249.7532 	EXP 	grating: autoDraw = True
249.7532 	EXP 	grating: tex = 'sin'
250.0530 	EXP 	grating: autoDraw = False
250.1227 	EXP 	window1: recordFrameIntervals = False
250.1243 	DATA 	Keypress: left
250.1362 	EXP 	fixation: autoDraw = False
250.1362 	EXP 	grating: autoDraw = False
250.1365 	EXP 	window1: recordFrameIntervals = False
251.1136 	EXP 	fixation: autoDraw = True
252.1197 	EXP 	fixation: autoDraw = False
252.1365 	EXP 	grating: autoDraw = True
252.1365 	EXP 	grating: tex = 'sin'
252.4365 	EXP 	grating: autoDraw = False
252.5228 	EXP 	window1: recordFrameIntervals = False
252.5260 	DATA 	Keypress: right
252.5366 	EXP 	fixation: autoDraw = False
252.5366 	EXP 	grating: autoDraw = False
252.5368 	EXP 	window1: recordFrameIntervals = False
253.5137 	EXP 	fixation: autoDraw = True
254.5199 	EXP 	fixation: autoDraw = False
254.5370 	EXP 	grating: autoDraw = True
254.5370 	EXP 	grating: tex = 'sin'
254.8368 	EXP 	grating: autoDraw = False
254.8731 	EXP 	window1: recordFrameIntervals = False
254.8748 	DATA 	Keypress: left
254.8866 	EXP 	fixation: autoDraw = False
254.8866 	EXP 	grating: autoDraw = False
254.8868 	EXP 	window1: recordFrameIntervals = False
255.8625 	EXP 	fixation: autoDraw = True
256.8700 	EXP 	fixation: autoDraw = False
256.8868 	EXP 	grating: autoDraw = True
256.8868 	EXP 	grating: tex = 'sin'
257.1868 	EXP 	grating: autoDraw = False
257.2733 	EXP 	window1: recordFrameIntervals = False
257.2751 	DATA 	Keypress: left
257.2866 	EXP 	fixation: autoDraw = False
257.2866 	EXP 	grating: autoDraw = False
257.2870 	EXP 	window1: recordFrameIntervals = False
258.2629 	EXP 	fixation: autoDraw = True
259.2700 	EXP 	fixation: autoDraw = False
259.2869 	EXP 	grating: autoDraw = True
259.2869 	EXP 	grating: tex = 'sin'
259.5869 	EXP 	grating: autoDraw = False
259.6232 	EXP 	window1: recordFrameIntervals = False
259.6248 	DATA 	Keypress: left
259.6368 	EXP 	fixation: autoDraw = False
259.6368 	EXP 	grating: autoDraw = False
259.6371 	EXP 	window1: recordFrameIntervals = False
260.6136 	EXP 	fixation: autoDraw = True
261.6200 	EXP 	fixation: autoDraw = False
261.6369 	EXP 	grating: autoDraw = True
261.6369 	EXP 	grating: tex = 'sin'
261.9370 	EXP 	grating: autoDraw = False
261.9747 	EXP 	window1: recordFrameIntervals = False
261.9764 	DATA 	Keypress: left
261.9871 	EXP 	fixation: autoDraw = False
261.9871 	EXP 	grating: autoDraw = False
261.9877 	EXP 	window1: recordFrameIntervals = False
262.9665 	EXP 	fixation: autoDraw = True
263.9702 	EXP 	fixation: autoDraw = False
263.9872 	EXP 	grating: autoDraw = True
263.9872 	EXP 	grating: tex = 'sin'
264.2870 	EXP 	grating: autoDraw = False
264.3552 	EXP 	window1: recordFrameIntervals = False
264.3557 	DATA 	Keypress: right
264.3701 	EXP 	fixation: autoDraw = False
264.3701 	EXP 	grating: autoDraw = False
264.3707 	EXP 	window1: recordFrameIntervals = False
265.3446 	EXP 	fixation: autoDraw = True
266.3537 	EXP 	fixation: autoDraw = False
266.3704 	EXP 	grating: autoDraw = True
266.3704 	EXP 	grating: tex = 'sin'
266.6704 	EXP 	grating: autoDraw = False
266.7731 	EXP 	window1: recordFrameIntervals = False
266.7747 	DATA 	Keypress: right
266.7872 	EXP 	fixation: autoDraw = False
266.7872 	EXP 	grating: autoDraw = False
266.7875 	EXP 	window1: recordFrameIntervals = False
267.7629 	EXP 	fixation: autoDraw = True
268.7708 	EXP 	fixation: autoDraw = False
268.7872 	EXP 	grating: autoDraw = True
268.7872 	EXP 	grating: tex = 'sin'
269.0872 	EXP 	grating: autoDraw = False
269.1558 	EXP 	window1: recordFrameIntervals = False
269.1566 	DATA 	Keypress: right
269.1707 	EXP 	fixation: autoDraw = False
269.1707 	EXP 	grating: autoDraw = False
269.1710 	EXP 	window1: recordFrameIntervals = False
270.1466 	EXP 	fixation: autoDraw = True
271.1538 	EXP 	fixation: autoDraw = False
271.1709 	EXP 	grating: autoDraw = True
271.1709 	EXP 	grating: tex = 'sin'
271.4707 	EXP 	grating: autoDraw = False
271.5238 	DATA 	Keypress: right
271.5372 	EXP 	fixation: autoDraw = False
271.5372 	EXP 	grating: autoDraw = False
271.7440 	EXP 	window1: mouseVisible = True
